<?xml version="1.0" encoding="UTF-8" standalone="yes"?><!DOCTYPE report PUBLIC "-//JACOCO//DTD Report 1.1//EN" "report.dtd"><report name="com.service"><sessioninfo id="AS-A6N0AS073065234-30b4864" start="1535945429319" dump="1535945429713"/><sessioninfo id="AS-A6N0AS073065234-97fb58f8" start="1535951739288" dump="1535951739751"/><sessioninfo id="AS-A6N0AS073065234-5a5c1a55" start="1535952291535" dump="1535952292131"/><sessioninfo id="AS-A6N0AS073065234-10b29bf9" start="1535952364243" dump="1535952365150"/><sessioninfo id="AS-A6N0AS073065234-ffa8d97d" start="1535954287236" dump="1535954288170"/><sessioninfo id="AS-A6N0AS073065234-d1dbe711" start="1535954377847" dump="1535954378622"/><sessioninfo id="AS-A6N0AS073065234-bc85777b" start="1535954418914" dump="1535954419768"/><sessioninfo id="AS-A6N0AS073065234-8165d861" start="1535960967217" dump="1535960968032"/><sessioninfo id="AS-A6N0AS073065234-b88d4e8c" start="1535962127844" dump="1535962128912"/><sessioninfo id="AS-A6N0AS073065234-91d14d16" start="1535962343466" dump="1535962344620"/><sessioninfo id="AS-A6N0AS073065234-9702f19f" start="1535962485453" dump="1535962486403"/><sessioninfo id="AS-A6N0AS073065234-f3f77b34" start="1535962645162" dump="1535962645992"/><sessioninfo id="AS-A6N0AS073065234-622dc124" start="1535962752568" dump="1535962754089"/><sessioninfo id="AS-A6N0AS073065234-3d82b842" start="1535968428269" dump="1535968429238"/><sessioninfo id="AS-A6N0AS073065234-df9e9368" start="1535968629150" dump="1535968630132"/><sessioninfo id="AS-A6N0AS073065234-5ae293ac" start="1535968833024" dump="1535968833971"/><sessioninfo id="AS-A6N0AS073065234-9358803b" start="1535968856719" dump="1535968857580"/><sessioninfo id="AS-A6N0AS073065234-81e47f35" start="1535968980065" dump="1535968981003"/><sessioninfo id="AS-A6N0AS073065234-335bd251" start="1535969164549" dump="1535969165977"/><sessioninfo id="AS-A6N0AS073065234-52730aa2" start="1535969634786" dump="1535969635708"/><sessioninfo id="AS-A6N0AS073065234-ee96f5b6" start="1535969690404" dump="1535969691180"/><sessioninfo id="AS-A6N0AS073065234-d1787a61" start="1535969701347" dump="1535969702153"/><sessioninfo id="AS-A6N0AS073065234-2d01fc8b" start="1535969729710" dump="1535969730556"/><sessioninfo id="AS-A6N0AS073065234-f3d94680" start="1535969987479" dump="1535969988556"/><sessioninfo id="AS-A6N0AS073065234-cc23bf40" start="1535973097574" dump="1535973098572"/><sessioninfo id="AS-A6N0AS073065234-1100a199" start="1535973333818" dump="1535973334621"/><sessioninfo id="AS-A6N0AS073065234-89d6b1cf" start="1535973509318" dump="1535973510286"/><sessioninfo id="AS-A6N0AS073065234-a53f85d8" start="1535973694916" dump="1535973695689"/><sessioninfo id="AS-A6N0AS073065234-301e14b2" start="1535973757363" dump="1535973758303"/><sessioninfo id="AS-A6N0AS073065234-cfe12388" start="1535973935420" dump="1535973936292"/><sessioninfo id="AS-A6N0AS073065234-ab8d471c" start="1535973960177" dump="1535973961113"/><sessioninfo id="AS-A6N0AS073065234-44ca3a2b" start="1535974568794" dump="1535974569920"/><sessioninfo id="AS-A6N0AS073065234-6005e62b" start="1536027708908" dump="1536027709884"/><sessioninfo id="AS-A6N0AS073065234-34a31a54" start="1536041374170" dump="1536041375203"/><sessioninfo id="AS-A6N0AS073065234-64831725" start="1536041594627" dump="1536041595494"/><sessioninfo id="AS-A6N0AS073065234-913b1f7e" start="1536041623324" dump="1536041624185"/><sessioninfo id="AS-A6N0AS073065234-4981499e" start="1536041637953" dump="1536041638845"/><sessioninfo id="AS-A6N0AS073065234-46d2cb7" start="1536041713732" dump="1536041714710"/><sessioninfo id="AS-A6N0AS073065234-5e4948c" start="1536050842209" dump="1536050843103"/><sessioninfo id="AS-A6N0AS073065234-ccb3c19c" start="1536050863190" dump="1536050864162"/><sessioninfo id="AS-A6N0AS073065234-5e05dfe4" start="1536050946629" dump="1536050947483"/><sessioninfo id="AS-A6N0AS073065234-2260f3de" start="1536052592390" dump="1536052593689"/><sessioninfo id="AS-A6N0AS073065234-ea3a8a6a" start="1536053308866" dump="1536053309928"/><sessioninfo id="AS-A6N0AS073065234-47a64ac5" start="1536053327575" dump="1536053328676"/><sessioninfo id="AS-A6N0AS073065234-e91ad4d9" start="1536057055193" dump="1536057056148"/><sessioninfo id="AS-A6N0AS073065234-222b0d32" start="1536057384657" dump="1536057385901"/><sessioninfo id="AS-A6N0AS073065234-a0150212" start="1536057426595" dump="1536057427762"/><sessioninfo id="AS-A6N0AS073065234-6421f205" start="1536057476987" dump="1536057478114"/><sessioninfo id="AS-A6N0AS073065234-5484c5ef" start="1536110230184" dump="1536110230916"/><sessioninfo id="AS-A6N0AS073065234-8219c674" start="1536110258721" dump="1536110259549"/><sessioninfo id="AS-A6N0AS073065234-b8f6fd30" start="1536110290231" dump="1536110290973"/><sessioninfo id="AS-A6N0AS073065234-7df1d981" start="1536110322362" dump="1536110323080"/><sessioninfo id="AS-A6N0AS073065234-990a9af3" start="1536110340778" dump="1536110341928"/><sessioninfo id="AS-A6N0AS073065234-86c13cfa" start="1536110408495" dump="1536110409250"/><sessioninfo id="AS-A6N0AS073065234-faabae8a" start="1536128137646" dump="1536128138509"/><sessioninfo id="AS-A6N0AS073065234-f4c1ed0a" start="1536128154273" dump="1536128155143"/><sessioninfo id="AS-A6N0AS073065234-5135b2ae" start="1536128481524" dump="1536128482416"/><sessioninfo id="AS-A6N0AS073065234-1b04fb4e" start="1536128510323" dump="1536128511032"/><sessioninfo id="AS-A6N0AS073065234-981029e4" start="1536128611004" dump="1536128611721"/><sessioninfo id="AS-A6N0AS073065234-1a06186a" start="1536128648036" dump="1536128648970"/><sessioninfo id="AS-A6N0AS073065234-abfd0092" start="1536201158532" dump="1536201159047"/><sessioninfo id="AS-A6N0AS073065234-c57ff4de" start="1536201346187" dump="1536201346701"/><sessioninfo id="AS-A6N0AS073065234-bb14a621" start="1536208194860" dump="1536208211107"/><sessioninfo id="AS-A6N0AS073065234-4efb6740" start="1536208795578" dump="1536208796914"/><sessioninfo id="AS-A6N0AS073065234-83e3bcd6" start="1536209461769" dump="1536209462988"/><sessioninfo id="AS-A6N0AS073065234-601ddc06" start="1536209485642" dump="1536209487520"/><sessioninfo id="AS-A6N0AS073065234-a1d77c9f" start="1536210958074" dump="1536210959458"/><sessioninfo id="AS-A6N0AS073065234-bd1dc117" start="1536211049929" dump="1536211052158"/><sessioninfo id="AS-A6N0AS073065234-c513d64b" start="1536211084497" dump="1536211086041"/><sessioninfo id="AS-A6N0AS073065234-d31cbf73" start="1536221782224" dump="1536221783163"/><sessioninfo id="AS-A6N0AS073065234-b54bb50" start="1536221813097" dump="1536221814712"/><sessioninfo id="AS-A6N0AS073065234-83f9553a" start="1536221844360" dump="1536221845559"/><sessioninfo id="AS-A6N0AS073065234-3d207b85" start="1536283282761" dump="1536283284329"/><sessioninfo id="AS-A6N0AS073065234-53286c00" start="1536283531424" dump="1536283532736"/><package name="com/service"><class name="com/service/TableServiceImpl" sourcefilename="TableServiceImpl.java"><method name="&lt;init&gt;" desc="()V" line="10"><counter type="INSTRUCTION" missed="0" covered="9"/><counter type="LINE" missed="0" covered="2"/><counter type="COMPLEXITY" missed="0" covered="1"/><counter type="METHOD" missed="0" covered="1"/></method><method name="newTable" desc="(II)Ljava/util/ArrayList;" line="14"><counter type="INSTRUCTION" missed="0" covered="75"/><counter type="BRANCH" missed="0" covered="4"/><counter type="LINE" missed="0" covered="10"/><counter type="COMPLEXITY" missed="0" covered="3"/><counter type="METHOD" missed="0" covered="1"/></method><method name="printCells" desc="(Lcom/model/Table;)V" line="32"><counter type="INSTRUCTION" missed="0" covered="38"/><counter type="BRANCH" missed="0" covered="4"/><counter type="LINE" missed="0" covered="8"/><counter type="COMPLEXITY" missed="0" covered="3"/><counter type="METHOD" missed="0" covered="1"/></method><method name="search" desc="(Lcom/model/Table;Ljava/lang/String;)V" line="43"><counter type="INSTRUCTION" missed="0" covered="81"/><counter type="BRANCH" missed="0" covered="10"/><counter type="LINE" missed="0" covered="11"/><counter type="COMPLEXITY" missed="0" covered="6"/><counter type="METHOD" missed="0" covered="1"/></method><method name="edit" desc="(Lcom/model/Table;IILjava/lang/String;)Ljava/util/ArrayList;" line="61"><counter type="INSTRUCTION" missed="0" covered="32"/><counter type="LINE" missed="0" covered="4"/><counter type="COMPLEXITY" missed="0" covered="1"/><counter type="METHOD" missed="0" covered="1"/></method><counter type="INSTRUCTION" missed="0" covered="235"/><counter type="BRANCH" missed="0" covered="18"/><counter type="LINE" missed="0" covered="35"/><counter type="COMPLEXITY" missed="0" covered="14"/><counter type="METHOD" missed="0" covered="5"/><counter type="CLASS" missed="0" covered="1"/></class><sourcefile name="TableServiceImpl.java"><line nr="10" mi="0" ci="2" mb="0" cb="0"/><line nr="12" mi="0" ci="7" mb="0" cb="0"/><line nr="14" mi="0" ci="4" mb="0" cb="0"/><line nr="16" mi="0" ci="4" mb="0" cb="0"/><line nr="18" mi="0" ci="7" mb="0" cb="2"/><line nr="19" mi="0" ci="6" mb="0" cb="0"/><line nr="20" mi="0" ci="7" mb="0" cb="2"/><line nr="21" mi="0" ci="8" mb="0" cb="0"/><line nr="22" mi="0" ci="15" mb="0" cb="0"/><line nr="23" mi="0" ci="15" mb="0" cb="0"/><line nr="24" mi="0" ci="7" mb="0" cb="0"/><line nr="27" mi="0" ci="2" mb="0" cb="0"/><line nr="32" mi="0" ci="3" mb="0" cb="0"/><line nr="34" mi="0" ci="10" mb="0" cb="2"/><line nr="35" mi="0" ci="10" mb="0" cb="2"/><line nr="36" mi="0" ci="10" mb="0" cb="0"/><line nr="37" mi="0" ci="1" mb="0" cb="0"/><line nr="38" mi="0" ci="2" mb="0" cb="0"/><line nr="39" mi="0" ci="1" mb="0" cb="0"/><line nr="40" mi="0" ci="1" mb="0" cb="0"/><line nr="43" mi="0" ci="2" mb="0" cb="0"/><line nr="44" mi="0" ci="3" mb="0" cb="0"/><line nr="46" mi="0" ci="8" mb="0" cb="2"/><line nr="47" mi="0" ci="11" mb="0" cb="2"/><line nr="48" mi="0" ci="17" mb="0" cb="2"/><line nr="49" mi="0" ci="16" mb="0" cb="2"/><line nr="50" mi="0" ci="1" mb="0" cb="0"/><line nr="52" mi="0" ci="2" mb="0" cb="2"/><line nr="53" mi="0" ci="18" mb="0" cb="0"/><line nr="55" mi="0" ci="2" mb="0" cb="0"/><line nr="58" mi="0" ci="1" mb="0" cb="0"/><line nr="61" mi="0" ci="17" mb="0" cb="0"/><line nr="62" mi="0" ci="9" mb="0" cb="0"/><line nr="64" mi="0" ci="3" mb="0" cb="0"/><line nr="66" mi="0" ci="3" mb="0" cb="0"/><counter type="INSTRUCTION" missed="0" covered="235"/><counter type="BRANCH" missed="0" covered="18"/><counter type="LINE" missed="0" covered="35"/><counter type="COMPLEXITY" missed="0" covered="14"/><counter type="METHOD" missed="0" covered="5"/><counter type="CLASS" missed="0" covered="1"/></sourcefile><counter type="INSTRUCTION" missed="0" covered="235"/><counter type="BRANCH" missed="0" covered="18"/><counter type="LINE" missed="0" covered="35"/><counter type="COMPLEXITY" missed="0" covered="14"/><counter type="METHOD" missed="0" covered="5"/><counter type="CLASS" missed="0" covered="1"/></package><counter type="INSTRUCTION" missed="0" covered="235"/><counter type="BRANCH" missed="0" covered="18"/><counter type="LINE" missed="0" covered="35"/><counter type="COMPLEXITY" missed="0" covered="14"/><counter type="METHOD" missed="0" covered="5"/><counter type="CLASS" missed="0" covered="1"/></report>